nohup: ignoring input
[I 2026-04-30 05:49:02.390 ServerApp] jupyter_lsp | extension was successfully linked.
[I 2026-04-30 05:49:02.392 ServerApp] jupyter_server_terminals | extension was successfully linked.
[I 2026-04-30 05:49:02.394 ServerApp] jupyterlab | extension was successfully linked.
[I 2026-04-30 05:49:02.397 ServerApp] notebook | extension was successfully linked.
[I 2026-04-30 05:49:02.564 ServerApp] ipyparallel.nbextension | extension was found and enabled by notebook_shim. Consider moving the extension to Jupyter Server's extension paths.
[I 2026-04-30 05:49:02.564 ServerApp] notebook_shim | extension was successfully linked.
[I 2026-04-30 05:49:02.574 ServerApp] notebook_shim | extension was successfully loaded.
[I 2026-04-30 05:49:02.575 ServerApp] jupyter_lsp | extension was successfully loaded.
[I 2026-04-30 05:49:02.575 ServerApp] jupyter_server_terminals | extension was successfully loaded.
[I 2026-04-30 05:49:02.576 LabApp] JupyterLab extension loaded from /home/okoro/.local/lib/python3.11/site-packages/jupyterlab
[I 2026-04-30 05:49:02.577 LabApp] JupyterLab application directory is /home/okoro/.local/share/jupyter/lab
[I 2026-04-30 05:49:02.577 LabApp] Extension Manager is 'pypi'.
[I 2026-04-30 05:49:02.599 ServerApp] jupyterlab | extension was successfully loaded.
[I 2026-04-30 05:49:02.601 ServerApp] notebook | extension was successfully loaded.
[I 2026-04-30 05:49:02.601 ServerApp] The port 8888 is already in use, trying another port.
[I 2026-04-30 05:49:02.601 ServerApp] Serving notebooks from local directory: /work1/okoro/type3detectosra
[I 2026-04-30 05:49:02.601 ServerApp] Jupyter Server 2.17.0 is running at:
[I 2026-04-30 05:49:02.601 ServerApp] http://127.0.0.1:8889/tree?token=bdecd369b957347dd124841cd341cf9c881a6a9ccb477002
[I 2026-04-30 05:49:02.601 ServerApp] Use Control-C to stop this server and shut down all kernels (twice to skip confirmation).
[C 2026-04-30 05:49:02.603 ServerApp] 
    
    To access the server, open this file in a browser:
        file:///home/okoro/.local/share/jupyter/runtime/jpserver-2195-open.html
    Or copy and paste one of these URLs:
        http://127.0.0.1:8889/tree?token=bdecd369b957347dd124841cd341cf9c881a6a9ccb477002
[I 2026-04-30 05:49:02.717 ServerApp] Skipped non-installed server(s): basedpyright, bash-language-server, dockerfile-language-server-nodejs, javascript-typescript-langserver, jedi-language-server, julia-language-server, pyrefly, pyright, python-language-server, python-lsp-server, r-languageserver, sql-language-server, texlab, typescript-language-server, unified-language-server, vscode-css-languageserve[I 2026-04-30 06:02:47.901 ServerApp] 302 GET /?token=[secret] (@127.0.0.1) 0.93ms
[W 2026-0[C 2026-04-30 10:22:52.687 ServerApp] received signal 15, stopping
[I 2026-04-30 10:22:52.688 ServerApp] Shutting down 6 extensions
kApp] 302 GET /tree?token=[secret] (@127.0.0.1) 2.71ms
[I 2026-04-30 06:04:28.179 ServerApp] 302 GET /?token=[secret] (@127.0.0.1) 0.94ms
[I 2026-04-30 06:22:37.940 ServerApp] Creating new directory in 
[I 2026-04-30 06:34:57.641 ServerApp] Kernel started: 79ec89ce-3401-4eee-95e9-dd04e0b0c1b1
[I 2026-04-30 06:34:58.052 ServerApp] Adapting from protocol version 5.3 (kernel 79ec89ce-3401-4eee-95e9-dd04e0b0c1b1) to 5.4 (client).
[I 2026-04-30 06:34:58.053 ServerApp] Connecting to kernel 79ec89ce-3401-4eee-95e9-dd04e0b0c1b1.
[W 2026-04-30 06:34:58.054 ServerApp] The websocket_ping_timeout (90000) cannot be longer than the websocket_ping_interval (30000).
    Setting websocket_ping_timeout=30000
[I 2026-04-30 06:34:58.120 ServerApp] Adapting from protocol version 5.3 (kernel 79ec89ce-3401-4eee-95e9-dd04e0b0c1b1) to 5.4 (client).
[I 2026-04-30 06:34:58.122 ServerApp] Connecting to kernel 79ec89ce-3401-4eee-95e9-dd04e0b0c1b1.
[I 2026-04-30 06:34:59.191 ServerApp] Adapting from protocol version 5.3 (kernel 79ec89ce-3401-4eee-95e9-dd04e0b0c1b1) to 5.4 (client).
[I 2026-04-30 06:34:59.193 ServerApp] Connecting to kernel 79ec89ce-3401-4eee-95e9-dd04e0b0c1b1.
[I 2026-04-30 06:34:59.517 ServerApp] Starting buffering for 79ec89ce-3401-4eee-95e9-dd04e0b0c1b1:a84c8387-e359-4fe0-a2e0-8386474bf6c1
[I 2026-04-30 06:35:01.627 ServerApp] Adapting from protocol version 5.3 (kernel 79ec89ce-3401-4eee-95e9-dd04e0b0c1b1) to 5.4 (client).
[I 2026-04-30 06:35:01.629 ServerApp] Connecting to kernel 79ec89ce-3401-4eee-95e9-dd04e0b0c1b1.
[I 2026-04-30 06:35:01.765 ServerApp] Starting buffering for 79ec89ce-3401-4eee-95e9-dd04e0b0c1b1:ccdc8bd6-8627-4f3a-90d2-c10f9bf2563a
[I 2026-04-30 06:35:28.934 ServerApp] Adapting from protocol version 5.3 (kernel 79ec89ce-3401-4eee-95e9-dd04e0b0c1b1) to 5.4 (client).
[I 2026-04-30 06:35:28.936 ServerApp] Connecting to kernel 79ec89ce-3401-4eee-95e9-dd04e0b0c1b1.
[I 2026-04-30 06:35:29.105 ServerApp] Starting buffering for 79ec89ce-3401-4eee-95e9-dd04e0b0c1b1:7ae4e7b7-aae0-4d96-b96a-70a46d6ebc6a
[I 2026-04-30 06:36:24.772 ServerApp] Creating new notebook in /Detectionpipeline
[I 2026-04-30 06:36:25.056 ServerApp] Saving file at /Detectionpipeline/Untitled.ipynb
[I 2026-04-30 06:36:25.115 ServerApp] Kernel started: c46820ff-ba64-4608-8b53-f9cb13988d41
[I 2026-04-30 06:36:25.528 ServerApp] Adapting from protocol version 5.3 (kernel c46820ff-ba64-4608-8b53-f9cb13988d41) to 5.4 (client).
[I 2026-04-30 06:36:25.531 ServerApp] Connecting to kernel c46820ff-ba64-4608-8b53-f9cb13988d41.
[I 2026-04-30 06:36:26.407 ServerApp] Adapting from protocol version 5.3 (kernel 79ec89ce-3401-4eee-95e9-dd04e0b0c1b1) to 5.4 (client).
[I 2026-04-30 06:36:26.408 ServerApp] Connecting to kernel 79ec89ce-3401-4eee-95e9-dd04e0b0c1b1.
[I 2026-04-30 06:36:26.508 ServerApp] Adapting from protocol version 5.3 (kernel c46820ff-ba64-4608-8b53-f9cb13988d41) to 5.4 (client).
[I 2026-04-30 06:36:26.508 ServerApp] Connecting to kernel c46820ff-ba64-4608-8b53-f9cb13988d41.
[I 2026-04-30 06:36:26.613 ServerApp] Starting buffering for 79ec89ce-3401-4eee-95e9-dd04e0b0c1b1:7fca3ea2-d9e4-42e6-8953-28ba9f91ebc5
[I 2026-04-30 06:36:26.725 ServerApp] Adapting from protocol version 5.3 (kernel c46820ff-ba64-4608-8b53-f9cb13988d41) to 5.4 (client).
[I 2026-04-30 06:36:26.727 ServerApp] Connecting to kernel c46820ff-ba64-4608-8b53-f9cb13988d41.
[I 2026-04-30 06:38:26.641 ServerApp] Saving file at /Detectionpipeline/Untitled.ipynb
[I 2026-04-30 06:40:26.786 ServerApp] Saving file at /Detectionpipeline/Untitled.ipynb
[I 2026-04-30 06:42:26.935 ServerApp] Saving file at /Detectionpipeline/Untitled.ipynb
[I 2026-04-30 06:44:27.090 ServerApp] Saving file at /Detectionpipeline/Untitled.ipynb
[I 2026-04-30 06:46:27.238 ServerApp] Saving file at /Detectionpipeline/Untitled.ipynb
[I 2026-04-30 06:48:27.508 ServerApp] Saving file at /Detectionpipeline/Untitled.ipynb
[I 2026-04-30 06:50:27.648 ServerApp] Saving file at /Detectionpipeline/Untitled.ipynb
[I 2026-04-30 06:52:27.792 ServerApp] Saving file at /Detectionpipeline/Untitled.ipynb
[I 2026-04-30 06:54:27.955 ServerApp] Saving file at /Detectionpipeline/Untitled.ipynb
[I 2026-04-30 06:56:28.088 ServerApp] Saving file at /Detectionpipeline/Untitled.ipynb
[I 2026-04-30 06:58:28.324 ServerApp] Saving file at /Detectionpipeline/Untitled.ipynb
[I 2026-04-30 07:00:28.479 ServerApp] Saving file at /Detectionpipeline/Untitled.ipynb
[I 2026-04-30 07:02:28.628 ServerApp] Saving file at /Detectionpipeline/Untitled.ipynb
[I 2026-04-30 07:04:28.767 ServerApp] Saving file at /Detectionpipeline/Untitled.ipynb
[I 2026-04-30 07:06:28.918 ServerApp] Saving file at /Detectionpipeline/Untitled.ipynb
[I 2026-04-30 07:13:08.080 ServerApp] Saving file at /Detectionpipeline/OSRA_type3detect_all.ipynb
[I 2026-04-30 07:15:08.228 ServerApp] Saving file at /Detectionpipeline/OSRA_type3detect_all.ipynb
[I 2026-04-30 07:17:01.057 ServerApp] Kernel restarted: c46820ff-ba64-4608-8b53-f9cb13988d41
[I 2026-04-30 07:17:01.166 ServerApp] Adapting from protocol version 5.3 (kernel c46820ff-ba64-4608-8b53-f9cb13988d41) to 5.4 (client).
[I 2026-04-30 07:17:01.166 ServerApp] Connecting to kernel c46820ff-ba64-4608-8b53-f9cb13988d41.
[I 2026-04-30 07:17:08.407 ServerApp] Saving file at /Detectionpipeline/OSRA_type3detect_all.ipynb
[I 2026-04-30 07:17:39.311 ServerApp] Kernel restarted: c46820ff-ba64-4608-8b53-f9cb13988d41
[I 2026-04-30 07:17:39.392 ServerApp] Adapting from protocol version 5.3 (kernel c46820ff-ba64-4608-8b53-f9cb13988d41) to 5.4 (client).
[I 2026-04-30 07:17:39.393 ServerApp] Connecting to kernel c46820ff-ba64-4608-8b53-f9cb13988d41.
[I 2026-04-30 07:19:08.559 ServerApp] Saving file at /Detectionpipeline/OSRA_type3detect_all.ipynb
[I 2026-04-30 07:21:08.705 ServerApp] Saving file at /Detectionpipeline/OSRA_type3detect_all.ipynb
[I 2026-04-30 07:21:11.026 ServerApp] Kernel restarted: c46820ff-ba64-4608-8b53-f9cb13988d41
[I 2026-04-30 07:21:11.116 ServerApp] Adapting from protocol version 5.3 (kernel c46820ff-ba64-4608-8b53-f9cb13988d41) to 5.4 (client).
[I 2026-04-30 07:21:11.117 ServerApp] Connecting to kernel c46820ff-ba64-4608-8b53-f9cb13988d41.
[I 2026-04-30 07:21:43.031 ServerApp] Adapting from protocol version 5.3 (kernel 79ec89ce-3401-4eee-95e9-dd04e0b0c1b1) to 5.4 (client).
[I 2026-04-30 07:21:43.036 ServerApp] Connecting to kernel 79ec89ce-3401-4eee-95e9-dd04e0b0c1b1.
[I 2026-04-30 07:21:43.183 ServerApp] Adapting from protocol version 5.3 (kernel c46820ff-ba64-4608-8b53-f9cb13988d41) to 5.4 (client).
[I 2026-04-30 07:21:43.184 ServerApp] Connecting to kernel c46820ff-ba64-4608-8b53-f9cb13988d41.
[I 2026-04-30 07:21:43.243 ServerApp] Starting buffering for 79ec89ce-3401-4eee-95e9-dd04e0b0c1b1:a5d86149-207f-4083-b98e-7451634c251f
[I 2026-04-30 07:21:49.164 ServerApp] Adapting from protocol version 5.3 (kernel 79ec89ce-3401-4eee-95e9-dd04e0b0c1b1) to 5.4 (client).
[I 2026-04-30 07:21:49.166 ServerApp] Connecting to kernel 79ec89ce-3401-4eee-95e9-dd04e0b0c1b1.
[I 2026-04-30 07:21:49.284 ServerApp] Adapting from protocol version 5.3 (kernel c46820ff-ba64-4608-8b53-f9cb13988d41) to 5.4 (client).
[I 2026-04-30 07:21:49.285 ServerApp] Connecting to kernel c46820ff-ba64-4608-8b53-f9cb13988d41.
[I 2026-04-30 07:21:49.450 ServerApp] Starting buffering for 79ec89ce-3401-4eee-95e9-dd04e0b0c1b1:64511d13-a7ac-46f2-86f6-ab6eeae078e8
[I 2026-04-30 07:21:49.618 ServerApp] Kernel started: 0e4c4409-c607-4b0f-ab99-0bbb07bd0cc2
[I 2026-04-30 07:21:49.925 ServerApp] Adapting from protocol version 5.3 (kernel 0e4c4409-c607-4b0f-ab99-0bbb07bd0cc2) to 5.4 (client).
[I 2026-04-30 07:21:49.925 ServerApp] Connecting to kernel 0e4c4409-c607-4b0f-ab99-0bbb07bd0cc2.
[I 2026-04-30 07:22:23.781 ServerApp] Adapting from protocol version 5.3 (kernel 79ec89ce-3401-4eee-95e9-dd04e0b0c1b1) to 5.4 (client).
[I 2026-04-30 07:22:23.783 ServerApp] Connecting to kernel 79ec89ce-3401-4eee-95e9-dd04e0b0c1b1.
[I 2026-04-30 07:22:23.916 ServerApp] Adapting from protocol version 5.3 (kernel c46820ff-ba64-4608-8b53-f9cb13988d41) to 5.4 (client).
[I 2026-04-30 07:22:23.917 ServerApp] Connecting to kernel c46820ff-ba64-4608-8b53-f9cb13988d41.
[I 2026-04-30 07:22:23.998 ServerApp] Adapting from protocol version 5.3 (kernel 0e4c4409-c607-4b0f-ab99-0bbb07bd0cc2) to 5.4 (client).
[I 2026-04-30 07:22:23.999 ServerApp] Connecting to kernel 0e4c4409-c607-4b0f-ab99-0bbb07bd0cc2.
[I 2026-04-30 07:22:24.186 ServerApp] Starting buffering for 79ec89ce-3401-4eee-95e9-dd04e0b0c1b1:993bb41c-de29-4e32-ae13-b2d926b6bc85
[I 2026-04-30 07:22:24.529 ServerApp] Kernel started: 1287028c-c3f7-41f2-b052-262e784dcc58
[I 2026-04-30 07:22:24.872 ServerApp] Adapting from protocol version 5.3 (kernel 1287028c-c3f7-41f2-b052-262e784dcc58) to 5.4 (client).
[I 2026-04-30 07:22:24.873 ServerApp] Connecting to kernel 1287028c-c3f7-41f2-b052-262e784dcc58.
[I 2026-04-30 07:23:09.341 ServerApp] Saving file at /Detectionpipeline/OSRA_type3detect_all.ipynb
[I 2026-04-30 07:24:18.655 ServerApp] Starting buffering for 0e4c4409-c607-4b0f-ab99-0bbb07bd0cc2:7bad2aa4-4651-4f08-bff3-ccccc5277fb6
[I 2026-04-30 07:27:09.486 ServerApp] Saving file at /Detectionpipeline/OSRA_type3detect_all.ipynb
[I 2026-04-30 07:29:09.623 ServerApp] Saving file at /Detectionpipeline/OSRA_type3detect_all.ipynb
[I 2026-04-30 07:31:09.790 ServerApp] Saving file at /Detectionpipeline/OSRA_type3detect_all.ipynb
[I 2026-04-30 07:34:06.946 ServerApp] Kernel restarted: c46820ff-ba64-4608-8b53-f9cb13988d41
[I 2026-04-30 07:34:07.069 ServerApp] Adapting from protocol version 5.3 (kernel c46820ff-ba64-4608-8b53-f9cb13988d41) to 5.4 (client).
[I 2026-04-30 07:34:07.069 ServerApp] Connecting to kernel c46820ff-ba64-4608-8b53-f9cb13988d41.
[I 2026-04-30 07:34:40.294 ServerApp] Kernel restarted: c46820ff-ba64-4608-8b53-f9cb13988d41
[I 2026-04-30 07:34:40.415 ServerApp] Adapting from protocol version 5.3 (kernel c46820ff-ba64-4608-8b53-f9cb13988d41) to 5.4 (client).
[I 2026-04-30 07:34:40.416 ServerApp] Connecting to kernel c46820ff-ba64-4608-8b53-f9cb13988d41.
[I 2026-04-30 07:35:09.989 ServerApp] Saving file at /Detectionpipeline/OSRA_type3detect_all.ipynb
[I 2026-04-30 07:43:10.132 ServerApp] Saving file at /Detectionpipeline/OSRA_type3detect_all.ipynb
[I 2026-04-30 07:43:23.301 ServerApp] Kernel restarted: c46820ff-ba64-4608-8b53-f9cb13988d41
[I 2026-04-30 07:43:23.423 ServerApp] Adapting from protocol version 5.3 (kernel c46820ff-ba64-4608-8b53-f9cb13988d41) to 5.4 (client).
[I 2026-04-30 07:43:23.423 ServerApp] Connecting to kernel c46820ff-ba64-4608-8b53-f9cb13988d41.
[I 2026-04-30 07:43:47.017 ServerApp] Kernel restarted: c46820ff-ba64-4608-8b53-f9cb13988d41
[I 2026-04-30 07:43:47.133 ServerApp] Adapting from protocol version 5.3 (kernel c46820ff-ba64-4608-8b53-f9cb13988d41) to 5.4 (client).
[I 2026-04-30 07:43:47.134 ServerApp] Connecting to kernel c46820ff-ba64-4608-8b53-f9cb13988d41.
[I 2026-04-30 07:45:10.289 ServerApp] Saving file at /Detectionpipeline/OSRA_type3detect_all.ipynb
[I 2026-04-30 07:45:20.289 ServerApp] Kernel restarted: c46820ff-ba64-4608-8b53-f9cb13988d41
[I 2026-04-30 07:45:20.416 ServerApp] Adapting from protocol version 5.3 (kernel c46820ff-ba64-4608-8b53-f9cb13988d41) to 5.4 (client).
[I 2026-04-30 07:45:20.416 ServerApp] Connecting to kernel c46820ff-ba64-4608-8b53-f9cb13988d41.
[I 2026-04-30 07:47:10.512 ServerApp] Saving file at /Detectionpipeline/OSRA_type3detect_all.ipynb
[I 2026-04-30 07:49:10.661 ServerApp] Saving file at /Detectionpipeline/OSRA_type3detect_all.ipynb
[I 2026-04-30 07:51:50.251 ServerApp] Kernel restarted: c46820ff-ba64-4608-8b53-f9cb13988d41
[I 2026-04-30 07:51:50.421 ServerApp] Adapting from protocol version 5.3 (kernel c46820ff-ba64-4608-8b53-f9cb13988d41) to 5.4 (client).
[I 2026-04-30 07:51:50.422 ServerApp] Connecting to kernel c46820ff-ba64-4608-8b53-f9cb13988d41.
[I 2026-04-30 07:53:10.795 ServerApp] Saving file at /Detectionpipeline/OSRA_type3detect_all.ipynb
[I 2026-04-30 10:04:22.712 ServerApp] Kernel interrupted: c46820ff-ba64-4608-8b53-f9cb13988d41
[I 2026-04-30 10:04:58.989 ServerApp] Adapting from protocol version 5.3 (kernel 79ec89ce-3401-4eee-95e9-dd04e0b0c1b1) to 5.4 (client).
[I 2026-04-30 10:04:58.990 ServerApp] Connecting to kernel 79ec89ce-3401-4eee-95e9-dd04e0b0c1b1.
[I 2026-04-30 10:04:59.100 ServerApp] Adapting from protocol version 5.3 (kernel c46820ff-ba64-4608-8b53-f9cb13988d41) to 5.4 (client).
[I 2026-04-30 10:04:59.101 ServerApp] Connecting to kernel c46820ff-ba64-4608-8b53-f9cb13988d41.
[I 2026-04-30 10:04:59.176 ServerApp] Starting buffering for 79ec89ce-3401-4eee-95e9-dd04e0b0c1b1:7828932e-bd9d-4558-9ec5-a2d0a3054bfb
[I 2026-04-30 10:04:59.299 ServerApp] Adapting from protocol version 5.3 (kernel 0e4c4409-c607-4b0f-ab99-0bbb07bd0cc2) to 5.4 (client).
[I 2026-04-30 10:04:59.299 ServerApp] Connecting to kernel 0e4c4409-c607-4b0f-ab99-0bbb07bd0cc2.
[I 2026-04-30 10:04:59.431 ServerApp] Adapting from protocol version 5.3 (kernel 1287028c-c3f7-41f2-b052-262e784dcc58) to 5.4 (client).
[I 2026-04-30 10:04:59.433 ServerApp] Connecting to kernel 1287028c-c3f7-41f2-b052-262e784dcc58.
[I 2026-04-30 10:04:59.456 ServerApp] Starting buffering for 0e4c4409-c607-4b0f-ab99-0bbb07bd0cc2:086a86da-91ff-425f-b949-ed5e4e1d5c1c
[I 2026-04-30 10:05:12.464 ServerApp] Saving file at /Detectionpipeline/OSRA_type3detect_all.ipynb
[I 2026-04-30 10:06:07.837 ServerApp] Adapting from protocol version 5.3 (kernel 79ec89ce-3401-4eee-95e9-dd04e0b0c1b1) to 5.4 (client).
[I 2026-04-30 10:06:07.839 ServerApp] Connecting to kernel 79ec89ce-3401-4eee-95e9-dd04e0b0c1b1.
[I 2026-04-30 10:06:07.935 ServerApp] Adapting from protocol version 5.3 (kernel c46820ff-ba64-4608-8b53-f9cb13988d41) to 5.4 (client).
[I 2026-04-30 10:06:07.935 ServerApp] Connecting to kernel c46820ff-ba64-4608-8b53-f9cb13988d41.
[I 2026-04-30 10:06:07.947 ServerApp] Starting buffering for 79ec89ce-3401-4eee-95e9-dd04e0b0c1b1:eef1e56f-3d34-42ce-b768-5a520dcbac5c
[I 2026-04-30 10:06:08.112 ServerApp] Adapting from protocol version 5.3 (kernel 0e4c4409-c607-4b0f-ab99-0bbb07bd0cc2) to 5.4 (client).
[I 2026-04-30 10:06:08.140 ServerApp] Connecting to kernel 0e4c4409-c607-4b0f-ab99-0bbb07bd0cc2.
[I 2026-04-30 10:06:08.236 ServerApp] Adapting from protocol version 5.3 (kernel 1287028c-c3f7-41f2-b052-262e784dcc58) to 5.4 (client).
[I 2026-04-30 10:06:08.237 ServerApp] Connecting to kernel 1287028c-c3f7-41f2-b052-262e784dcc58.
[I 2026-04-30 10:06:08.255 ServerApp] Starting buffering for 0e4c4409-c607-4b0f-ab99-0bbb07bd0cc2:85710686-b555-4c5c-9dd1-462769474962
[I 2026-04-30 10:06:43.433 ServerApp] Starting buffering for 1287028c-c3f7-41f2-b052-262e784dcc58:dfceae21-eede-421e-8e19-25c2d451095b
[I 2026-04-30 10:06:44.602 ServerApp] Starting buffering for c46820ff-ba64-4608-8b53-f9cb13988d41:28d1e454-2d88-44d0-9eae-5d7ff9ebe7bf
[I 2026-04-30 10:06:44.825 ServerApp] Adapting from protocol version 5.3 (kernel 1287028c-c3f7-41f2-b052-262e784dcc58) to 5.4 (client).
[I 2026-04-30 10:06:44.825 ServerApp] Connecting to kernel 1287028c-c3f7-41f2-b052-262e784dcc58.
[I 2026-04-30 10:06:45.012 ServerApp] Starting buffering for 1287028c-c3f7-41f2-b052-262e784dcc58:965b0c61-1964-461f-aa78-a4fddb858ea6
[I 2026-04-30 10:21:29.555 ServerApp] Shutting down on /api/shutdown request.
[I 2026-04-30 10:21:29.555 ServerApp] Shutting down 6 extensions
[I 2026-04-30 10:21:29.555 ServerApp] Shutting down 4 kernels
[I 2026-04-30 10:21:29.555 ServerApp] Kernel shutdown: 1287028c-c3f7-41f2-b052-262e784dcc58
[I 2026-04-30 10:21:29.555 ServerApp] Kernel shutdown: c46820ff-ba64-4608-8b53-f9cb13988d41
[I 2026-04-30 10:21:29.556 ServerApp] Kernel shutdown: 79ec89ce-3401-4eee-95e9-dd04e0b0c1b1
[I 2026-04-30 10:21:29.556 ServerApp] Kernel shutdown: 0e4c4409-c607-4b0f-ab99-0bbb07bd0cc2
